<?xml version="1.0" encoding="UTF-8"?>
<testsuite name="jet.programming.BookClassifierTest" tests="1" skipped="0" failures="0" errors="0" timestamp="2022-09-13T19:50:09" hostname="ip-192-168-1-104.ec2.internal" time="2.026">
  <properties/>
  <testcase name="parallelStream_whenBooksAreMoreThanNumberOfProcessors()" classname="jet.programming.BookClassifierTest" time="2.026"/>
  <system-out><![CDATA[The parallelStream10 operation took 2 ms
]]></system-out>
  <system-err><![CDATA[]]></system-err>
</testsuite>
